<?xml version="1.0" encoding="utf-8"?><testsuite errors="0" failures="0" name="pytest" skips="0" tests="8" time="10.099"><testcase classname="test_main" file="test_main.py" line="8" name="test_api_online" time="0.001325368881225586"></testcase><testcase classname="test_main" file="test_main.py" line="15" name="test_api_offline" time="0.0011615753173828125"></testcase><testcase classname="test_main" file="test_main.py" line="22" name="test_calculate_temperature[62-16]" time="0.0006356239318847656"></testcase><testcase classname="test_main" file="test_main.py" line="22" name="test_calculate_temperature[107-41]" time="0.0005402565002441406"></testcase><testcase classname="test_main" file="test_main.py" line="22" name="test_calculate_temperature[32-0]" time="0.0005879402160644531"></testcase><testcase classname="test_main" file="test_main.py" line="28" name="test_get_temperature_lat_lng[-14.235004--51.92528-67-19]" time="5.955756902694702"></testcase><testcase classname="test_main" file="test_main.py" line="28" name="test_get_temperature_lat_lng[-30.0277--51.2287-70-21]" time="2.295039653778076"></testcase><testcase classname="test_main" file="test_main.py" line="28" name="test_get_temperature_lat_lng[-30.0277--51.2287-33-0]" time="1.7265737056732178"></testcase></testsuite>