<?xml version="1.0" encoding="utf-8"?><testsuite errors="0" failures="0" name="pytest" skips="0" tests="8" time="2.484"><testcase classname="test_main" file="test_main.py" line="8" name="test_api_online" time="0.0013663768768310547"></testcase><testcase classname="test_main" file="test_main.py" line="15" name="test_api_offline" time="0.0011279582977294922"></testcase><testcase classname="test_main" file="test_main.py" line="22" name="test_calculate_temperature[62-16]" time="0.0005869865417480469"></testcase><testcase classname="test_main" file="test_main.py" line="22" name="test_calculate_temperature[107-41]" time="0.0005064010620117188"></testcase><testcase classname="test_main" file="test_main.py" line="22" name="test_calculate_temperature[32-0]" time="0.000507354736328125"></testcase><testcase classname="test_main" file="test_main.py" line="28" name="test_get_temperature_lat_lng[-14.235004--51.92528-67-19]" time="0.8347647190093994"></testcase><testcase classname="test_main" file="test_main.py" line="28" name="test_get_temperature_lat_lng[-30.0277--51.2287-70-21]" time="0.8057935237884521"></testcase><testcase classname="test_main" file="test_main.py" line="28" name="test_get_temperature_lat_lng[-30.0277--51.2287-33-0]" time="0.7358138561248779"></testcase></testsuite>